<?xml version="1.0" encoding="UTF-8"?>
<testsuite name="runners.purchase_product.purchase_product.PurchaseProductRunner" tests="0" skipped="0" failures="0" errors="0" timestamp="1970-01-01T00:00:00" hostname="CPX-5B8R5N6U7QX" time="0.0">
  <properties/>
  <system-out><![CDATA[19:55:35.578 [Test worker] DEBUG net.thucydides.core.util.PropertiesFileLocalPreferences - LOADING LOCAL PROPERTIES FROM C:\Users\a.mayorga.cortes\Documents\work-space\pruebas\swaglabs-automation\swaglabs-automation\serenity.properties 
19:55:35.735 [Test worker] DEBUG net.thucydides.core.util.PropertiesFileLocalPreferences - LOADING LOCAL PROPERTIES FROM C:\Users\a.mayorga.cortes\Documents\work-space\pruebas\swaglabs-automation\swaglabs-automation\serenity.properties 
19:55:35.737 [Test worker] DEBUG net.thucydides.core.util.PropertiesFileLocalPreferences - LOADING LOCAL PROPERTIES FROM C:\Users\a.mayorga.cortes\Documents\work-space\pruebas\swaglabs-automation\swaglabs-automation\serenity.properties 
19:55:35.762 [Test worker] DEBUG net.thucydides.core.util.PropertiesFileLocalPreferences - webdriver.driver=chrome
19:55:35.763 [Test worker] DEBUG net.thucydides.core.util.PropertiesFileLocalPreferences - webdriver.chrome.driver=src/test/resources/drivers/chromedriver.exe
19:55:35.763 [Test worker] DEBUG net.thucydides.core.util.PropertiesFileLocalPreferences - chrome.switches=--lang=es,--disable-popup-blocking,--disable-download-notification,--start-maximized,--test-type,--ignore-certificate-errors, --allow-running-insecure-content, --disable-translate, --always-authorizeplugins, --disable-extensions, --disable-notifications
19:55:35.763 [Test worker] DEBUG net.thucydides.core.util.PropertiesFileLocalPreferences - serenity.project.name="Reddit automated test"
19:55:36.360 [Test worker] DEBUG net.thucydides.core.util.PropertiesFileLocalPreferences - LOADING LOCAL PROPERTIES FROM C:\Users\a.mayorga.cortes\Documents\work-space\pruebas\swaglabs-automation\swaglabs-automation\serenity.properties 
19:55:36.472 [Test worker] DEBUG net.thucydides.core.util.PropertiesFileLocalPreferences - LOADING LOCAL PROPERTIES FROM C:\Users\a.mayorga.cortes\Documents\work-space\pruebas\swaglabs-automation\swaglabs-automation\serenity.properties 
19:55:36.477 [Test worker] DEBUG net.thucydides.core.util.PropertiesFileLocalPreferences - LOADING LOCAL PROPERTIES FROM C:\Users\a.mayorga.cortes\Documents\work-space\pruebas\swaglabs-automation\swaglabs-automation\serenity.properties 
19:55:36.479 [Test worker] DEBUG net.thucydides.core.util.PropertiesFileLocalPreferences - webdriver.driver=chrome
19:55:36.479 [Test worker] DEBUG net.thucydides.core.util.PropertiesFileLocalPreferences - webdriver.chrome.driver=src/test/resources/drivers/chromedriver.exe
19:55:36.480 [Test worker] DEBUG net.thucydides.core.util.PropertiesFileLocalPreferences - chrome.switches=--lang=es,--disable-popup-blocking,--disable-download-notification,--start-maximized,--test-type,--ignore-certificate-errors, --allow-running-insecure-content, --disable-translate, --always-authorizeplugins, --disable-extensions, --disable-notifications
19:55:36.480 [Test worker] DEBUG net.thucydides.core.util.PropertiesFileLocalPreferences - serenity.project.name="Reddit automated test"
19:55:36.492 [Test worker] INFO  - 

-------------------------------------------------------------------------------------
     _______. _______ .______       _______ .__   __.  __  .___________.____    ____ 
    /       ||   ____||   _  \     |   ____||  \ |  | |  | |           |\   \  /   / 
   |   (----`|  |__   |  |_)  |    |  |__   |   \|  | |  | `---|  |----` \   \/   /  
    \   \    |   __|  |      /     |   __|  |  . `  | |  |     |  |       \_    _/   
.----)   |   |  |____ |  |\  \----.|  |____ |  |\   | |  |     |  |         |  |     
|_______/    |_______|| _| `._____||_______||__| \__| |__|     |__|         |__|    
                                                                                     
 News and tutorials at http://www.serenity-bdd.info                                  
 Documentation at https://wakaleo.gitbooks.io/the-serenity-book/content/             
 Join the Serenity Community on Gitter: https://gitter.im/serenity-bdd/serenity-core 
 Serenity BDD Support and Training at http://serenity-bdd.info/#/trainingandsupport  
 Learn Serenity BDD online at https://www.serenitydojo.net                           
-------------------------------------------------------------------------------------

19:55:36.498 [Test worker] DEBUG net.thucydides.core.steps.StepEventBus - Test suite started for story net.thucydides.core.model.Story@e27e00aa
19:55:36.502 [Test worker] INFO  - Test Suite Started: Purchase SwagLabs item
19:56:29.323 [Test worker] INFO  - 
        __    _____ _____ ____ _____   ____   _    ____  ____  _____ ____  
  _     \ \  |_   _| ____/ ___|_   _| |  _ \ / \  / ___|/ ___|| ____|  _ \ 
 (_)_____| |   | | |  _| \___ \ | |   | |_) / _ \ \___ \\___ \|  _| | | | |
  _|_____| |   | | | |___ ___) || |   |  __/ ___ \ ___) |___) | |___| |_| |
 (_)     | |   |_| |_____|____/ |_|   |_| /_/   \_\____/|____/|_____|____/ 
        /_/                                                                

The user successfully purchases items from the SwagLabs store
----------------------------------------------------------------------------
19:57:00.576 [Test worker] INFO  - 
        __    _____ _____ ____ _____   ____   _    ____  ____  _____ ____  
  _     \ \  |_   _| ____/ ___|_   _| |  _ \ / \  / ___|/ ___|| ____|  _ \ 
 (_)_____| |   | | |  _| \___ \ | |   | |_) / _ \ \___ \\___ \|  _| | | | |
  _|_____| |   | | | |___ ___) || |   |  __/ ___ \ ___) |___) | |___| |_| |
 (_)     | |   |_| |_____|____/ |_|   |_| /_/   \_\____/|____/|_____|____/ 
        /_/                                                                

The user unsuccessfully purchases items from the SwagLabs store because a checkout information error
----------------------------------------------------------------------------
19:57:00.602 [Test worker] DEBUG net.thucydides.core.reports.ReportService - Reporting formats: [JSON, HTML]
19:57:01.061 [Test worker] DEBUG net.thucydides.core.reports.ReportService - Reporting formats: [JSON, HTML]
19:57:01.237 [Test worker] DEBUG net.thucydides.core.reports.ReportService - Generating reports for 2 test outcomes using: net.thucydides.core.reports.json.JSONTestOutcomeReporter@4cc10d8a
19:57:01.243 [pool-1-thread-1] DEBUG net.thucydides.core.reports.ReportService - Processing test outcome Purchase SwagLabs item:The user successfully purchases items from the SwagLabs store
19:57:01.243 [pool-1-thread-1] DEBUG net.thucydides.core.reports.ReportService - net.thucydides.core.reports.json.JSONTestOutcomeReporter@4cc10d8a: Generating report for test outcome: Purchase SwagLabs item:The user successfully purchases items from the SwagLabs store
19:57:01.269 [pool-1-thread-2] DEBUG net.thucydides.core.reports.ReportService - Processing test outcome Purchase SwagLabs item:The user unsuccessfully purchases items from the SwagLabs store because a checkout information error
19:57:01.270 [pool-1-thread-2] DEBUG net.thucydides.core.reports.ReportService - net.thucydides.core.reports.json.JSONTestOutcomeReporter@4cc10d8a: Generating report for test outcome: Purchase SwagLabs item:The user unsuccessfully purchases items from the SwagLabs store because a checkout information error
19:57:01.270 [pool-1-thread-1] DEBUG net.thucydides.core.reports.json.JSONTestOutcomeReporter - Generating JSON report for The user successfully purchases items from the SwagLabs store to file C:\Users\a.mayorga.cortes\Documents\work-space\pruebas\swaglabs-automation\swaglabs-automation\target\site\serenity\7ddabb9fd01d5e3d103a91359bd61cac630fd3c6fd3d5e71ebb08519a1593e43.json (using temp file C:\Users\a.mayorga.cortes\Documents\work-space\pruebas\swaglabs-automation\swaglabs-automation\target\site\serenity\7ddabb9fd01d5e3d103a91359bd61cac630fd3c6fd3d5e71ebb08519a1593e43.jsonbc78f05d-225d-4f86-a838-6dbdb68b06e6)
19:57:01.272 [pool-1-thread-2] DEBUG net.thucydides.core.reports.json.JSONTestOutcomeReporter - Generating JSON report for The user unsuccessfully purchases items from the SwagLabs store because a checkout information error to file C:\Users\a.mayorga.cortes\Documents\work-space\pruebas\swaglabs-automation\swaglabs-automation\target\site\serenity\954b0338bf6da5e70cbac0f03ed30de66db5b462491080e6db49ae813cb0e56e.json (using temp file C:\Users\a.mayorga.cortes\Documents\work-space\pruebas\swaglabs-automation\swaglabs-automation\target\site\serenity\954b0338bf6da5e70cbac0f03ed30de66db5b462491080e6db49ae813cb0e56e.jsondda2a322-2d82-459e-8036-4953fddac740)
19:57:01.553 [pool-1-thread-1] DEBUG net.thucydides.core.reports.ReportService - Processing test outcome Purchase SwagLabs item:The user successfully purchases items from the SwagLabs store done
19:57:01.567 [pool-1-thread-2] DEBUG net.thucydides.core.reports.ReportService - Processing test outcome Purchase SwagLabs item:The user unsuccessfully purchases items from the SwagLabs store because a checkout information error done
19:57:01.567 [Test worker] DEBUG net.thucydides.core.reports.ReportService - Shutting down executor service
19:57:01.567 [Test worker] DEBUG net.thucydides.core.reports.ReportService - Reports generated in: 330 ms
19:57:01.567 [Test worker] DEBUG net.thucydides.core.reports.ReportService - Generating reports for 2 test outcomes using: net.thucydides.core.reports.html.HtmlAcceptanceTestReporter@28ab9aa5
19:57:01.569 [pool-2-thread-1] DEBUG net.thucydides.core.reports.ReportService - Processing test outcome Purchase SwagLabs item:The user successfully purchases items from the SwagLabs store
19:57:01.570 [pool-2-thread-1] DEBUG net.thucydides.core.reports.ReportService - net.thucydides.core.reports.html.HtmlAcceptanceTestReporter@28ab9aa5: Generating report for test outcome: Purchase SwagLabs item:The user successfully purchases items from the SwagLabs store
19:57:01.579 [pool-2-thread-2] DEBUG net.thucydides.core.reports.ReportService - Processing test outcome Purchase SwagLabs item:The user unsuccessfully purchases items from the SwagLabs store because a checkout information error
19:57:01.579 [pool-2-thread-2] DEBUG net.thucydides.core.reports.ReportService - net.thucydides.core.reports.html.HtmlAcceptanceTestReporter@28ab9aa5: Generating report for test outcome: Purchase SwagLabs item:The user unsuccessfully purchases items from the SwagLabs store because a checkout information error
19:57:01.579 [pool-2-thread-2] DEBUG net.thucydides.core.reports.html.HtmlAcceptanceTestReporter - GENERATE TEST OUTCOME REPORT FOR The user unsuccessfully purchases items from the SwagLabs store because a checkout information error in 954b0338bf6da5e70cbac0f03ed30de66db5b462491080e6db49ae813cb0e56e
19:57:01.582 [pool-2-thread-1] DEBUG net.thucydides.core.reports.html.HtmlAcceptanceTestReporter - GENERATE TEST OUTCOME REPORT FOR The user successfully purchases items from the SwagLabs store in 7ddabb9fd01d5e3d103a91359bd61cac630fd3c6fd3d5e71ebb08519a1593e43
19:57:01.733 [pool-2-thread-2] DEBUG net.thucydides.core.requirements.RequirementsTagProvider -  found:[Requirement{name='Logintotheaccount', type='capability' parent = 'null', cardNumber='null'}, Requirement{name='Purchaseproduct', type='capability' parent = 'null', cardNumber='null'}]
19:57:01.748 [pool-2-thread-1] DEBUG net.thucydides.core.requirements.RequirementsTagProvider -  found:[Requirement{name='Logintotheaccount', type='capability' parent = 'null', cardNumber='null'}, Requirement{name='Purchaseproduct', type='capability' parent = 'null', cardNumber='null'}]
19:57:01.761 [pool-2-thread-2] DEBUG net.thucydides.core.requirements.BaseRequirementsService - Requirement found for test outcome The user unsuccessfully purchases items from the SwagLabs store because a checkout information error-[]: Optional[Requirement{name='Purchase SwagLabs item', type='feature' parent = 'Purchaseproduct', cardNumber='null'}]
19:57:01.765 [pool-2-thread-2] DEBUG net.thucydides.core.requirements.BaseRequirementsService - Requirement found for test outcome The user unsuccessfully purchases items from the SwagLabs store because a checkout information error-[]: Optional[Requirement{name='Purchase SwagLabs item', type='feature' parent = 'Purchaseproduct', cardNumber='null'}]
19:57:01.767 [pool-2-thread-1] DEBUG net.thucydides.core.requirements.BaseRequirementsService - Requirement found for test outcome The user successfully purchases items from the SwagLabs store-[]: Optional[Requirement{name='Purchase SwagLabs item', type='feature' parent = 'Purchaseproduct', cardNumber='null'}]
19:57:01.779 [pool-2-thread-1] DEBUG net.thucydides.core.requirements.BaseRequirementsService - Requirement found for test outcome The user successfully purchases items from the SwagLabs store-[]: Optional[Requirement{name='Purchase SwagLabs item', type='feature' parent = 'Purchaseproduct', cardNumber='null'}]
19:57:02.080 [pool-2-thread-1] DEBUG net.thucydides.core.requirements.BaseRequirementsService - Requirement found for test outcome The user successfully purchases items from the SwagLabs store-[]: Optional[Requirement{name='Purchase SwagLabs item', type='feature' parent = 'Purchaseproduct', cardNumber='null'}]
19:57:02.082 [pool-2-thread-1] DEBUG net.thucydides.core.requirements.BaseRequirementsService - Requirement found for test outcome The user successfully purchases items from the SwagLabs store-[]: Optional[Requirement{name='Purchase SwagLabs item', type='feature' parent = 'Purchaseproduct', cardNumber='null'}]
19:57:02.086 [pool-2-thread-1] DEBUG net.thucydides.core.reports.html.HtmlAcceptanceTestReporter - Generating report in 7ddabb9fd01d5e3d103a91359bd61cac630fd3c6fd3d5e71ebb08519a1593e43_screenshots.html
19:57:02.119 [pool-2-thread-2] DEBUG net.thucydides.core.requirements.BaseRequirementsService - Requirement found for test outcome The user unsuccessfully purchases items from the SwagLabs store because a checkout information error-[]: Optional[Requirement{name='Purchase SwagLabs item', type='feature' parent = 'Purchaseproduct', cardNumber='null'}]
19:57:02.121 [pool-2-thread-2] DEBUG net.thucydides.core.requirements.BaseRequirementsService - Requirement found for test outcome The user unsuccessfully purchases items from the SwagLabs store because a checkout information error-[]: Optional[Requirement{name='Purchase SwagLabs item', type='feature' parent = 'Purchaseproduct', cardNumber='null'}]
19:57:02.123 [pool-2-thread-2] DEBUG net.thucydides.core.reports.html.HtmlAcceptanceTestReporter - Generating report in 954b0338bf6da5e70cbac0f03ed30de66db5b462491080e6db49ae813cb0e56e_screenshots.html
19:57:03.475 [pool-2-thread-2] DEBUG net.thucydides.core.reports.html.HtmlAcceptanceTestReporter - Generated report 954b0338bf6da5e70cbac0f03ed30de66db5b462491080e6db49ae813cb0e56e_screenshots.html in 1352 ms
19:57:03.477 [pool-2-thread-2] DEBUG net.thucydides.core.reports.html.HtmlAcceptanceTestReporter - GENERATING HTML REPORT FOR Purchase SwagLabs item:The user unsuccessfully purchases items from the SwagLabs store because a checkout information error in 954b0338bf6da5e70cbac0f03ed30de66db5b462491080e6db49ae813cb0e56e.html in directory C:\Users\a.mayorga.cortes\Documents\work-space\pruebas\swaglabs-automation\swaglabs-automation\target\site\serenity  
19:57:03.480 [pool-2-thread-1] DEBUG net.thucydides.core.reports.html.HtmlAcceptanceTestReporter - Generated report 7ddabb9fd01d5e3d103a91359bd61cac630fd3c6fd3d5e71ebb08519a1593e43_screenshots.html in 1394 ms
19:57:03.481 [pool-2-thread-1] DEBUG net.thucydides.core.reports.html.HtmlAcceptanceTestReporter - GENERATING HTML REPORT FOR Purchase SwagLabs item:The user successfully purchases items from the SwagLabs store in 7ddabb9fd01d5e3d103a91359bd61cac630fd3c6fd3d5e71ebb08519a1593e43.html in directory C:\Users\a.mayorga.cortes\Documents\work-space\pruebas\swaglabs-automation\swaglabs-automation\target\site\serenity  
19:57:03.481 [pool-2-thread-2] DEBUG net.thucydides.core.reports.html.HtmlAcceptanceTestReporter - Generating report in 954b0338bf6da5e70cbac0f03ed30de66db5b462491080e6db49ae813cb0e56e.html
19:57:03.482 [pool-2-thread-1] DEBUG net.thucydides.core.reports.html.HtmlAcceptanceTestReporter - Generating report in 7ddabb9fd01d5e3d103a91359bd61cac630fd3c6fd3d5e71ebb08519a1593e43.html
19:57:09.248 [pool-2-thread-2] DEBUG net.thucydides.core.reports.html.HtmlAcceptanceTestReporter - Generated report 954b0338bf6da5e70cbac0f03ed30de66db5b462491080e6db49ae813cb0e56e.html in 5767 ms
19:57:09.248 [pool-2-thread-2] DEBUG net.thucydides.core.reports.ReportService - Processing test outcome Purchase SwagLabs item:The user unsuccessfully purchases items from the SwagLabs store because a checkout information error done
19:57:12.332 [pool-2-thread-1] DEBUG net.thucydides.core.reports.html.HtmlAcceptanceTestReporter - Generated report 7ddabb9fd01d5e3d103a91359bd61cac630fd3c6fd3d5e71ebb08519a1593e43.html in 8850 ms
19:57:12.333 [pool-2-thread-1] DEBUG net.thucydides.core.reports.ReportService - Processing test outcome Purchase SwagLabs item:The user successfully purchases items from the SwagLabs store done
19:57:12.333 [Test worker] DEBUG net.thucydides.core.reports.ReportService - Shutting down executor service
19:57:12.333 [Test worker] DEBUG net.thucydides.core.reports.ReportService - Reports generated in: 10766 ms
19:57:12.861 [Test worker] DEBUG net.serenitybdd.core.photography.Darkroom - Closing darkroom
19:57:12.861 [Darkroom Processing Line] DEBUG net.serenitybdd.core.photography.DarkroomProcessingLine - Darkroom processing line shutting down
]]></system-out>
  <system-err><![CDATA[Oct 09, 2022 7:55:36 PM cucumber.runtime.java.ObjectFactoryLoader loadSingleObjectFactory
WARNING: Loading deprecated ObjectFactory from runtime via reflection: cucumber.runtime.SerenityObjectFactory
]]></system-err>
</testsuite>
