<?xml version="1.0" encoding="UTF-8"?>
<testsuite name="Log into the SwagLabs account" tests="2" skipped="0" failures="0" errors="0" timestamp="2022-10-09T19:44:49" hostname="CPX-5B8R5N6U7QX" time="36.823">
  <properties/>
  <testcase name="The user successfully logs into its SwagLabs account" classname="Log into the SwagLabs account" time="21.25"/>
  <testcase name="The user successfully logs into its SwagLabs account" classname="Log into the SwagLabs account" time="12.829"/>
  <system-out><![CDATA[14:44:50.002 [Test worker] INFO  - 
 _____ _____ ____ _____   ____ _____  _    ____ _____ _____ ____  
|_   _| ____/ ___|_   _| / ___|_   _|/ \  |  _ \_   _| ____|  _ \ 
  | | |  _| \___ \ | |   \___ \ | | / _ \ | |_) || | |  _| | | | |
  | | | |___ ___) || |    ___) || |/ ___ \|  _ < | | | |___| |_| |
  |_| |_____|____/ |_|   |____/ |_/_/   \_\_| \_\|_| |_____|____/ 

The user successfully logs into its SwagLabs account(log-into-the-swaglabs-account;the-user-successfully-logs-into-its-swaglabs-account)
-------------------------------------------------------------------
14:44:50.632 [Test worker] DEBUG net.thucydides.core.steps.StepInterceptor - STARTING STEP: LogIntoTheSwagLabAccountStepDefinitions.thatTheUserIsOnTheSwagLabsLoginScreen - {0} opens the #targetPage
14:44:52.884 [Test worker] INFO net.serenitybdd.core.webdriver.driverproviders.ProvideNewDriver - Instantiating driver
14:44:52.884 [Test worker] INFO net.serenitybdd.core.webdriver.driverproviders.ProvideNewDriver - Driver capabilities: Capabilities {acceptInsecureCerts: false, browserName: chrome, chrome.switches: --lang=es,--disable-popup-b..., goog:chromeOptions: {args: [--lang=es, --disable-popup-blocking, --disable-download-notifica..., --start-maximized, --test-type, --ignore-certificate-errors, --allow-running-insecure-co..., --disable-translate, --always-authorizeplugins, --disable-extensions, --disable-notifications], extensions: []}, loggingPrefs: org.openqa.selenium.logging..., platform: ANY, version: }
14:45:01.093 [Test worker] DEBUG net.serenitybdd.core.photography.Darkroom - Opening darkroom
14:45:01.094 [Darkroom Processing Line] DEBUG net.serenitybdd.core.photography.DarkroomProcessingLine - Darkroom processing line starting up
14:45:01.656 [Test worker] DEBUG net.serenitybdd.core.photography.Darkroom - Send negative for processing for C:\Users\a.mayorga.cortes\Documents\work-space\pruebas\swaglabs-automation\swaglabs-automation\target\site\serenity\8c1bb03c1108ee62bccd032b8b3792b7828f6c656cd25db7ea5cd67e6dcac3cd.png
14:45:01.668 [Test worker] DEBUG net.thucydides.core.steps.StepInterceptor - STEP DONE: {0} opens the #targetPage
14:45:02.009 [Test worker] DEBUG net.serenitybdd.core.photography.Darkroom - Send negative for processing for C:\Users\a.mayorga.cortes\Documents\work-space\pruebas\swaglabs-automation\swaglabs-automation\target\site\serenity\8c1bb03c1108ee62bccd032b8b3792b7828f6c656cd25db7ea5cd67e6dcac3cd.png
14:45:02.054 [Test worker] DEBUG net.thucydides.core.steps.StepInterceptor - STARTING STEP: LogIntoTheSwagLabAccountStepDefinitions.thatTheUserAuthenticatesWithTheUsernameStandard_userAndThePasswordSecret_sauce - performAs
14:45:02.148 [Test worker] DEBUG net.serenitybdd.screenplay.targets.IFrameSwitcher - default content already selected for TEXT INPUT FOR THE USERNAME CREDENTIALS
14:45:02.682 [Test worker] DEBUG net.serenitybdd.core.photography.Darkroom - Send negative for processing for C:\Users\a.mayorga.cortes\Documents\work-space\pruebas\swaglabs-automation\swaglabs-automation\target\site\serenity\8c1bb03c1108ee62bccd032b8b3792b7828f6c656cd25db7ea5cd67e6dcac3cd.png
14:45:02.683 [Test worker] DEBUG net.thucydides.core.steps.StepInterceptor - STARTING STEP: FillTheLoginForm.performAs - {0} enters #theTextAsAString into #target
14:45:02.684 [Test worker] DEBUG net.serenitybdd.screenplay.targets.IFrameSwitcher - default content already selected for TEXT INPUT FOR THE USERNAME CREDENTIALS
14:45:04.277 [Test worker] DEBUG net.serenitybdd.core.photography.Darkroom - Send negative for processing for C:\Users\a.mayorga.cortes\Documents\work-space\pruebas\swaglabs-automation\swaglabs-automation\target\site\serenity\49465898d3a8c8dcc5215fa9a02c69935cdc6f5c1f5592c7e9308b6e21b39a4f.png
14:45:04.278 [Test worker] DEBUG net.thucydides.core.steps.StepInterceptor - STEP DONE: {0} enters #theTextAsAString into #target
14:45:04.281 [Test worker] DEBUG net.serenitybdd.screenplay.targets.IFrameSwitcher - default content already selected for TEXT INPUT FOR THE PASSWORD CREDENTIALS
14:45:04.857 [Test worker] DEBUG net.serenitybdd.core.photography.Darkroom - Send negative for processing for C:\Users\a.mayorga.cortes\Documents\work-space\pruebas\swaglabs-automation\swaglabs-automation\target\site\serenity\e32f22fe4faefd68f0b98bac1fe7803ed154fcd8f45f5938fa999c93f0c3dbd5.png
14:45:04.858 [Test worker] DEBUG net.thucydides.core.steps.StepInterceptor - STARTING STEP: FillTheLoginForm.performAs - {0} enters #theTextAsAString into #target
14:45:04.860 [Test worker] DEBUG net.serenitybdd.screenplay.targets.IFrameSwitcher - default content already selected for TEXT INPUT FOR THE PASSWORD CREDENTIALS
14:45:05.946 [Test worker] DEBUG net.serenitybdd.core.photography.Darkroom - Send negative for processing for C:\Users\a.mayorga.cortes\Documents\work-space\pruebas\swaglabs-automation\swaglabs-automation\target\site\serenity\ceff86776d98c10d6ceb636614e877bfa7e400e1f914c03875816b44bfc8d3c1.png
14:45:05.946 [Test worker] DEBUG net.thucydides.core.steps.StepInterceptor - STEP DONE: {0} enters #theTextAsAString into #target
14:45:05.979 [Test worker] DEBUG net.thucydides.core.steps.StepInterceptor - STARTING STEP: FillTheLoginForm.performAs - performAs
14:45:05.998 [Test worker] DEBUG net.serenitybdd.screenplay.targets.IFrameSwitcher - default content already selected for LOGIN BUTTON
14:45:06.164 [Test worker] DEBUG net.serenitybdd.screenplay.targets.IFrameSwitcher - default content already selected for LOGIN BUTTON
14:45:06.700 [Test worker] DEBUG net.serenitybdd.core.photography.Darkroom - Send negative for processing for C:\Users\a.mayorga.cortes\Documents\work-space\pruebas\swaglabs-automation\swaglabs-automation\target\site\serenity\44dac415e64d783eb8716288c5f9d85b14f1b64755ba0b8450c806d66a59bd7b.png
14:45:06.701 [Test worker] DEBUG net.thucydides.core.steps.StepInterceptor - STARTING STEP: TapTheButton.performAs - {0} clicks on #target
14:45:06.702 [Test worker] DEBUG net.serenitybdd.screenplay.targets.IFrameSwitcher - default content already selected for LOGIN BUTTON
14:45:08.119 [Test worker] DEBUG net.serenitybdd.core.photography.Darkroom - Send negative for processing for C:\Users\a.mayorga.cortes\Documents\work-space\pruebas\swaglabs-automation\swaglabs-automation\target\site\serenity\23eb542f986082bf4d4e61c2834f2a4e6b6ea82b3dc10e9b4c1a842a525b3345.png
14:45:08.120 [Test worker] DEBUG net.thucydides.core.steps.StepInterceptor - STEP DONE: {0} clicks on #target
14:45:08.120 [Darkroom Processing Line] DEBUG net.serenitybdd.core.photography.DarkroomProcessingLine - Processing screenshot image in /var/screenshots/screenshot-459978317553277697
14:45:08.121 [Darkroom Processing Line] DEBUG net.serenitybdd.core.photography.DarkroomProcessingLine - Saving screenshot to C:\Users\a.mayorga.cortes\Documents\work-space\pruebas\swaglabs-automation\swaglabs-automation\target\site\serenity\23eb542f986082bf4d4e61c2834f2a4e6b6ea82b3dc10e9b4c1a842a525b3345.png
14:45:08.143 [Test worker] DEBUG net.thucydides.core.steps.StepInterceptor - STEP DONE: performAs
14:45:08.166 [Test worker] DEBUG net.thucydides.core.steps.StepInterceptor - STEP DONE: performAs
14:45:08.738 [Test worker] DEBUG net.serenitybdd.core.photography.Darkroom - Send negative for processing for C:\Users\a.mayorga.cortes\Documents\work-space\pruebas\swaglabs-automation\swaglabs-automation\target\site\serenity\23eb542f986082bf4d4e61c2834f2a4e6b6ea82b3dc10e9b4c1a842a525b3345.png
14:45:09.645 [Test worker] DEBUG net.serenitybdd.core.photography.Darkroom - Send negative for processing for C:\Users\a.mayorga.cortes\Documents\work-space\pruebas\swaglabs-automation\swaglabs-automation\target\site\serenity\23eb542f986082bf4d4e61c2834f2a4e6b6ea82b3dc10e9b4c1a842a525b3345.png
14:45:09.654 [Test worker] DEBUG net.serenitybdd.screenplay.targets.IFrameSwitcher - default content already selected for BUTTON TO SEE THE SHOPPING CART
14:45:09.784 [Test worker] DEBUG net.serenitybdd.screenplay.targets.IFrameSwitcher - default content already selected for BUTTON TO SEE THE SHOPPING CART
14:45:09.898 [Test worker] DEBUG net.serenitybdd.screenplay.targets.IFrameSwitcher - default content already selected for BUTTON TO FILTER THE PRODUCTS
14:45:10.020 [Test worker] DEBUG net.serenitybdd.screenplay.targets.IFrameSwitcher - default content already selected for BUTTON TO FILTER THE PRODUCTS
14:45:10.161 [Test worker] DEBUG net.serenitybdd.screenplay.targets.IFrameSwitcher - default content already selected for LIST OF THE STORE PRODUCTS
14:45:10.284 [Test worker] DEBUG net.serenitybdd.screenplay.targets.IFrameSwitcher - default content already selected for LIST OF THE STORE PRODUCTS
14:45:10.405 [Test worker] DEBUG net.serenitybdd.screenplay.targets.IFrameSwitcher - default content already selected for LIST OF THE BUTTONS TO REMOVE OR ADD PRODUCTS TO THE SHOPPING CART
14:45:10.529 [Test worker] DEBUG net.serenitybdd.screenplay.targets.IFrameSwitcher - default content already selected for LIST OF THE BUTTONS TO REMOVE OR ADD PRODUCTS TO THE SHOPPING CART
14:45:11.197 [Test worker] DEBUG net.serenitybdd.core.photography.Darkroom - Send negative for processing for C:\Users\a.mayorga.cortes\Documents\work-space\pruebas\swaglabs-automation\swaglabs-automation\target\site\serenity\23eb542f986082bf4d4e61c2834f2a4e6b6ea82b3dc10e9b4c1a842a525b3345.png
14:45:14.000 [Test worker] DEBUG net.thucydides.core.steps.StepInterceptor - STARTING STEP: LogIntoTheSwagLabAccountStepDefinitions.thatTheUserIsOnTheSwagLabsLoginScreen - {0} opens the #targetPage
14:45:15.102 [Test worker] INFO net.serenitybdd.core.webdriver.driverproviders.ProvideNewDriver - Instantiating driver
14:45:15.102 [Test worker] INFO net.serenitybdd.core.webdriver.driverproviders.ProvideNewDriver - Driver capabilities: Capabilities {acceptInsecureCerts: false, browserName: chrome, chrome.switches: --lang=es,--disable-popup-b..., goog:chromeOptions: {args: [--lang=es, --disable-popup-blocking, --disable-download-notifica..., --start-maximized, --test-type, --ignore-certificate-errors, --allow-running-insecure-co..., --disable-translate, --always-authorizeplugins, --disable-extensions, --disable-notifications], extensions: []}, loggingPrefs: org.openqa.selenium.logging..., platform: ANY, version: }
14:45:19.699 [Test worker] DEBUG net.serenitybdd.core.photography.Darkroom - Send negative for processing for C:\Users\a.mayorga.cortes\Documents\work-space\pruebas\swaglabs-automation\swaglabs-automation\target\site\serenity\8c1bb03c1108ee62bccd032b8b3792b7828f6c656cd25db7ea5cd67e6dcac3cd.png
14:45:19.700 [Test worker] DEBUG net.thucydides.core.steps.StepInterceptor - STEP DONE: {0} opens the #targetPage
14:45:19.947 [Test worker] DEBUG net.serenitybdd.core.photography.Darkroom - Send negative for processing for C:\Users\a.mayorga.cortes\Documents\work-space\pruebas\swaglabs-automation\swaglabs-automation\target\site\serenity\8c1bb03c1108ee62bccd032b8b3792b7828f6c656cd25db7ea5cd67e6dcac3cd.png
14:45:19.947 [Test worker] DEBUG net.thucydides.core.steps.StepInterceptor - STARTING STEP: LogIntoTheSwagLabAccountStepDefinitions.thatTheUserAuthenticatesWithTheUsernameStandard_userAndThePasswordSecret_sauce - performAs
14:45:19.976 [Test worker] DEBUG net.serenitybdd.screenplay.targets.IFrameSwitcher - default content already selected for TEXT INPUT FOR THE USERNAME CREDENTIALS
14:45:20.350 [Test worker] DEBUG net.serenitybdd.core.photography.Darkroom - Send negative for processing for C:\Users\a.mayorga.cortes\Documents\work-space\pruebas\swaglabs-automation\swaglabs-automation\target\site\serenity\8c1bb03c1108ee62bccd032b8b3792b7828f6c656cd25db7ea5cd67e6dcac3cd.png
14:45:20.352 [Test worker] DEBUG net.thucydides.core.steps.StepInterceptor - STARTING STEP: FillTheLoginForm.performAs - {0} enters #theTextAsAString into #target
14:45:20.353 [Test worker] DEBUG net.serenitybdd.screenplay.targets.IFrameSwitcher - default content already selected for TEXT INPUT FOR THE USERNAME CREDENTIALS
14:45:21.163 [Test worker] DEBUG net.serenitybdd.core.photography.Darkroom - Send negative for processing for C:\Users\a.mayorga.cortes\Documents\work-space\pruebas\swaglabs-automation\swaglabs-automation\target\site\serenity\6d43cd39194ff778cad43760b412ac6921c77d1730e9979065ae0008092e43d1.png
14:45:21.164 [Test worker] DEBUG net.thucydides.core.steps.StepInterceptor - STEP DONE: {0} enters #theTextAsAString into #target
14:45:21.164 [Darkroom Processing Line] DEBUG net.serenitybdd.core.photography.DarkroomProcessingLine - Processing screenshot image in /var/screenshots/screenshot-524936798860323013
14:45:21.164 [Darkroom Processing Line] DEBUG net.serenitybdd.core.photography.DarkroomProcessingLine - Saving screenshot to C:\Users\a.mayorga.cortes\Documents\work-space\pruebas\swaglabs-automation\swaglabs-automation\target\site\serenity\6d43cd39194ff778cad43760b412ac6921c77d1730e9979065ae0008092e43d1.png
14:45:21.166 [Test worker] DEBUG net.serenitybdd.screenplay.targets.IFrameSwitcher - default content already selected for TEXT INPUT FOR THE PASSWORD CREDENTIALS
14:45:21.527 [Test worker] DEBUG net.serenitybdd.core.photography.Darkroom - Send negative for processing for C:\Users\a.mayorga.cortes\Documents\work-space\pruebas\swaglabs-automation\swaglabs-automation\target\site\serenity\6d43cd39194ff778cad43760b412ac6921c77d1730e9979065ae0008092e43d1.png
14:45:21.528 [Test worker] DEBUG net.thucydides.core.steps.StepInterceptor - STARTING STEP: FillTheLoginForm.performAs - {0} enters #theTextAsAString into #target
14:45:21.529 [Test worker] DEBUG net.serenitybdd.screenplay.targets.IFrameSwitcher - default content already selected for TEXT INPUT FOR THE PASSWORD CREDENTIALS
14:45:22.466 [Test worker] DEBUG net.serenitybdd.core.photography.Darkroom - Send negative for processing for C:\Users\a.mayorga.cortes\Documents\work-space\pruebas\swaglabs-automation\swaglabs-automation\target\site\serenity\b0f660577c5b2a4d89d465ca125572c04f64baf06102e4889ee48c1168c3ac69.png
14:45:22.467 [Test worker] DEBUG net.thucydides.core.steps.StepInterceptor - STEP DONE: {0} enters #theTextAsAString into #target
14:45:22.467 [Darkroom Processing Line] DEBUG net.serenitybdd.core.photography.DarkroomProcessingLine - Processing screenshot image in /var/screenshots/screenshot-6013177428528693401
14:45:22.468 [Darkroom Processing Line] DEBUG net.serenitybdd.core.photography.DarkroomProcessingLine - Saving screenshot to C:\Users\a.mayorga.cortes\Documents\work-space\pruebas\swaglabs-automation\swaglabs-automation\target\site\serenity\b0f660577c5b2a4d89d465ca125572c04f64baf06102e4889ee48c1168c3ac69.png
14:45:22.501 [Test worker] DEBUG net.thucydides.core.steps.StepInterceptor - STARTING STEP: FillTheLoginForm.performAs - performAs
14:45:22.521 [Test worker] DEBUG net.serenitybdd.screenplay.targets.IFrameSwitcher - default content already selected for LOGIN BUTTON
14:45:22.731 [Test worker] DEBUG net.serenitybdd.screenplay.targets.IFrameSwitcher - default content already selected for LOGIN BUTTON
14:45:23.187 [Test worker] DEBUG net.serenitybdd.core.photography.Darkroom - Send negative for processing for C:\Users\a.mayorga.cortes\Documents\work-space\pruebas\swaglabs-automation\swaglabs-automation\target\site\serenity\bf1723961220d3a764c85060dee50d8039066e85b0afc61b2b88521b4a31d4cb.png
14:45:23.187 [Darkroom Processing Line] DEBUG net.serenitybdd.core.photography.DarkroomProcessingLine - Processing screenshot image in /var/screenshots/screenshot-5381964711391008759
14:45:23.188 [Test worker] DEBUG net.thucydides.core.steps.StepInterceptor - STARTING STEP: TapTheButton.performAs - {0} clicks on #target
14:45:23.188 [Darkroom Processing Line] DEBUG net.serenitybdd.core.photography.DarkroomProcessingLine - Saving screenshot to C:\Users\a.mayorga.cortes\Documents\work-space\pruebas\swaglabs-automation\swaglabs-automation\target\site\serenity\bf1723961220d3a764c85060dee50d8039066e85b0afc61b2b88521b4a31d4cb.png
14:45:23.188 [Test worker] DEBUG net.serenitybdd.screenplay.targets.IFrameSwitcher - default content already selected for LOGIN BUTTON
14:45:24.338 [Test worker] DEBUG net.serenitybdd.core.photography.Darkroom - Send negative for processing for C:\Users\a.mayorga.cortes\Documents\work-space\pruebas\swaglabs-automation\swaglabs-automation\target\site\serenity\9bba468f44368d4177a05042cd92cfbe801f39704f9a42a232357233b2825c2f.png
14:45:24.339 [Test worker] DEBUG net.thucydides.core.steps.StepInterceptor - STEP DONE: {0} clicks on #target
14:45:24.339 [Darkroom Processing Line] DEBUG net.serenitybdd.core.photography.DarkroomProcessingLine - Processing screenshot image in /var/screenshots/screenshot-181539209829439324
14:45:24.339 [Darkroom Processing Line] DEBUG net.serenitybdd.core.photography.DarkroomProcessingLine - Saving screenshot to C:\Users\a.mayorga.cortes\Documents\work-space\pruebas\swaglabs-automation\swaglabs-automation\target\site\serenity\9bba468f44368d4177a05042cd92cfbe801f39704f9a42a232357233b2825c2f.png
14:45:24.368 [Test worker] DEBUG net.thucydides.core.steps.StepInterceptor - STEP DONE: performAs
14:45:24.845 [Test worker] DEBUG net.serenitybdd.core.photography.Darkroom - Send negative for processing for C:\Users\a.mayorga.cortes\Documents\work-space\pruebas\swaglabs-automation\swaglabs-automation\target\site\serenity\9bba468f44368d4177a05042cd92cfbe801f39704f9a42a232357233b2825c2f.png
14:45:24.846 [Test worker] DEBUG net.thucydides.core.steps.StepInterceptor - STEP DONE: performAs
14:45:25.348 [Test worker] DEBUG net.serenitybdd.core.photography.Darkroom - Send negative for processing for C:\Users\a.mayorga.cortes\Documents\work-space\pruebas\swaglabs-automation\swaglabs-automation\target\site\serenity\9bba468f44368d4177a05042cd92cfbe801f39704f9a42a232357233b2825c2f.png
14:45:25.351 [Test worker] DEBUG net.serenitybdd.screenplay.targets.IFrameSwitcher - default content already selected for BUTTON TO SEE THE SHOPPING CART
14:45:25.459 [Test worker] DEBUG net.serenitybdd.screenplay.targets.IFrameSwitcher - default content already selected for BUTTON TO SEE THE SHOPPING CART
14:45:25.581 [Test worker] DEBUG net.serenitybdd.screenplay.targets.IFrameSwitcher - default content already selected for BUTTON TO FILTER THE PRODUCTS
14:45:25.705 [Test worker] DEBUG net.serenitybdd.screenplay.targets.IFrameSwitcher - default content already selected for BUTTON TO FILTER THE PRODUCTS
14:45:25.825 [Test worker] DEBUG net.serenitybdd.screenplay.targets.IFrameSwitcher - default content already selected for LIST OF THE STORE PRODUCTS
14:45:25.950 [Test worker] DEBUG net.serenitybdd.screenplay.targets.IFrameSwitcher - default content already selected for LIST OF THE STORE PRODUCTS
14:45:26.074 [Test worker] DEBUG net.serenitybdd.screenplay.targets.IFrameSwitcher - default content already selected for LIST OF THE BUTTONS TO REMOVE OR ADD PRODUCTS TO THE SHOPPING CART
14:45:26.246 [Test worker] DEBUG net.serenitybdd.screenplay.targets.IFrameSwitcher - default content already selected for LIST OF THE BUTTONS TO REMOVE OR ADD PRODUCTS TO THE SHOPPING CART
14:45:26.771 [Test worker] DEBUG net.serenitybdd.core.photography.Darkroom - Send negative for processing for C:\Users\a.mayorga.cortes\Documents\work-space\pruebas\swaglabs-automation\swaglabs-automation\target\site\serenity\9bba468f44368d4177a05042cd92cfbe801f39704f9a42a232357233b2825c2f.png
]]></system-out>
  <system-err><![CDATA[Oct 09, 2022 2:44:50 PM org.openqa.selenium.remote.DesiredCapabilities chrome
INFO: Using `new ChromeOptions()` is preferred to `DesiredCapabilities.chrome()`
Starting ChromeDriver 106.0.5249.61 (511755355844955cd3e264779baf0dd38212a4d0-refs/branch-heads/5249@{#569}) on port 56786
Only local connections are allowed.
Please see https://chromedriver.chromium.org/security-considerations for suggestions on keeping ChromeDriver safe.
ChromeDriver was started successfully.
Oct 09, 2022 2:44:58 PM org.openqa.selenium.remote.ProtocolHandshake createSession
INFO: Detected dialect: W3C
Oct 09, 2022 2:45:14 PM org.openqa.selenium.remote.DesiredCapabilities chrome
INFO: Using `new ChromeOptions()` is preferred to `DesiredCapabilities.chrome()`
Starting ChromeDriver 106.0.5249.61 (511755355844955cd3e264779baf0dd38212a4d0-refs/branch-heads/5249@{#569}) on port 8052
Only local connections are allowed.
Please see https://chromedriver.chromium.org/security-considerations for suggestions on keeping ChromeDriver safe.
ChromeDriver was started successfully.
Oct 09, 2022 2:45:18 PM org.openqa.selenium.remote.ProtocolHandshake createSession
INFO: Detected dialect: W3C
]]></system-err>
</testsuite>
