<?xml version="1.0" encoding="UTF-8"?>
<testsuite name="runners.logintotheaccount.LogIntoTheSwagLabAccount" tests="0" skipped="0" failures="0" errors="0" timestamp="1970-01-01T00:00:00" hostname="CPX-5B8R5N6U7QX" time="0.0">
  <properties/>
  <system-out><![CDATA[14:44:49.374 [Test worker] DEBUG net.thucydides.core.util.PropertiesFileLocalPreferences - LOADING LOCAL PROPERTIES FROM C:\Users\a.mayorga.cortes\Documents\work-space\pruebas\swaglabs-automation\swaglabs-automation\serenity.properties 
14:44:49.459 [Test worker] DEBUG net.thucydides.core.util.PropertiesFileLocalPreferences - LOADING LOCAL PROPERTIES FROM C:\Users\a.mayorga.cortes\Documents\work-space\pruebas\swaglabs-automation\swaglabs-automation\serenity.properties 
14:44:49.460 [Test worker] DEBUG net.thucydides.core.util.PropertiesFileLocalPreferences - LOADING LOCAL PROPERTIES FROM C:\Users\a.mayorga.cortes\Documents\work-space\pruebas\swaglabs-automation\swaglabs-automation\serenity.properties 
14:44:49.474 [Test worker] DEBUG net.thucydides.core.util.PropertiesFileLocalPreferences - webdriver.driver=chrome
14:44:49.474 [Test worker] DEBUG net.thucydides.core.util.PropertiesFileLocalPreferences - webdriver.chrome.driver=src/test/resources/drivers/chromedriver.exe
14:44:49.474 [Test worker] DEBUG net.thucydides.core.util.PropertiesFileLocalPreferences - chrome.switches=--lang=es,--disable-popup-blocking,--disable-download-notification,--start-maximized,--test-type,--ignore-certificate-errors, --allow-running-insecure-content, --disable-translate, --always-authorizeplugins, --disable-extensions, --disable-notifications
14:44:49.474 [Test worker] DEBUG net.thucydides.core.util.PropertiesFileLocalPreferences - serenity.project.name="Reddit automated test"
14:44:49.646 [Test worker] DEBUG net.thucydides.core.util.PropertiesFileLocalPreferences - LOADING LOCAL PROPERTIES FROM C:\Users\a.mayorga.cortes\Documents\work-space\pruebas\swaglabs-automation\swaglabs-automation\serenity.properties 
14:44:49.718 [Test worker] DEBUG net.thucydides.core.util.PropertiesFileLocalPreferences - LOADING LOCAL PROPERTIES FROM C:\Users\a.mayorga.cortes\Documents\work-space\pruebas\swaglabs-automation\swaglabs-automation\serenity.properties 
14:44:49.720 [Test worker] DEBUG net.thucydides.core.util.PropertiesFileLocalPreferences - LOADING LOCAL PROPERTIES FROM C:\Users\a.mayorga.cortes\Documents\work-space\pruebas\swaglabs-automation\swaglabs-automation\serenity.properties 
14:44:49.721 [Test worker] DEBUG net.thucydides.core.util.PropertiesFileLocalPreferences - webdriver.driver=chrome
14:44:49.721 [Test worker] DEBUG net.thucydides.core.util.PropertiesFileLocalPreferences - webdriver.chrome.driver=src/test/resources/drivers/chromedriver.exe
14:44:49.722 [Test worker] DEBUG net.thucydides.core.util.PropertiesFileLocalPreferences - chrome.switches=--lang=es,--disable-popup-blocking,--disable-download-notification,--start-maximized,--test-type,--ignore-certificate-errors, --allow-running-insecure-content, --disable-translate, --always-authorizeplugins, --disable-extensions, --disable-notifications
14:44:49.723 [Test worker] DEBUG net.thucydides.core.util.PropertiesFileLocalPreferences - serenity.project.name="Reddit automated test"
14:44:49.737 [Test worker] INFO  - 

-------------------------------------------------------------------------------------
     _______. _______ .______       _______ .__   __.  __  .___________.____    ____ 
    /       ||   ____||   _  \     |   ____||  \ |  | |  | |           |\   \  /   / 
   |   (----`|  |__   |  |_)  |    |  |__   |   \|  | |  | `---|  |----` \   \/   /  
    \   \    |   __|  |      /     |   __|  |  . `  | |  |     |  |       \_    _/   
.----)   |   |  |____ |  |\  \----.|  |____ |  |\   | |  |     |  |         |  |     
|_______/    |_______|| _| `._____||_______||__| \__| |__|     |__|         |__|    
                                                                                     
 News and tutorials at http://www.serenity-bdd.info                                  
 Documentation at https://wakaleo.gitbooks.io/the-serenity-book/content/             
 Join the Serenity Community on Gitter: https://gitter.im/serenity-bdd/serenity-core 
 Serenity BDD Support and Training at http://serenity-bdd.info/#/trainingandsupport  
 Learn Serenity BDD online at https://www.serenitydojo.net                           
-------------------------------------------------------------------------------------

14:44:49.741 [Test worker] DEBUG net.thucydides.core.steps.StepEventBus - Test suite started for story net.thucydides.core.model.Story@f264dfc5
14:44:49.744 [Test worker] INFO  - Test Suite Started: Log into the SwagLabs account
14:45:13.961 [Test worker] INFO  - 
        __    _____ _____ ____ _____   ____   _    ____  ____  _____ ____  
  _     \ \  |_   _| ____/ ___|_   _| |  _ \ / \  / ___|/ ___|| ____|  _ \ 
 (_)_____| |   | | |  _| \___ \ | |   | |_) / _ \ \___ \\___ \|  _| | | | |
  _|_____| |   | | | |___ ___) || |   |  __/ ___ \ ___) |___) | |___| |_| |
 (_)     | |   |_| |_____|____/ |_|   |_| /_/   \_\____/|____/|_____|____/ 
        /_/                                                                

The user successfully logs into its SwagLabs account
----------------------------------------------------------------------------
14:45:28.175 [Test worker] INFO  - 
        __    _____ _____ ____ _____   ____   _    ____  ____  _____ ____  
  _     \ \  |_   _| ____/ ___|_   _| |  _ \ / \  / ___|/ ___|| ____|  _ \ 
 (_)_____| |   | | |  _| \___ \ | |   | |_) / _ \ \___ \\___ \|  _| | | | |
  _|_____| |   | | | |___ ___) || |   |  __/ ___ \ ___) |___) | |___| |_| |
 (_)     | |   |_| |_____|____/ |_|   |_| /_/   \_\____/|____/|_____|____/ 
        /_/                                                                

The user successfully logs into its SwagLabs account
----------------------------------------------------------------------------
14:45:28.188 [Test worker] DEBUG net.thucydides.core.reports.ReportService - Reporting formats: [JSON, HTML]
14:45:28.557 [Test worker] DEBUG net.thucydides.core.reports.ReportService - Reporting formats: [JSON, HTML]
14:45:28.603 [Test worker] DEBUG net.thucydides.core.reports.ReportService - Generating reports for 1 test outcomes using: net.thucydides.core.reports.json.JSONTestOutcomeReporter@742ed22c
14:45:28.605 [pool-1-thread-1] DEBUG net.thucydides.core.reports.ReportService - Processing test outcome Log into the SwagLabs account:The user successfully logs into its SwagLabs account
14:45:28.607 [pool-1-thread-1] DEBUG net.thucydides.core.reports.ReportService - net.thucydides.core.reports.json.JSONTestOutcomeReporter@742ed22c: Generating report for test outcome: Log into the SwagLabs account:The user successfully logs into its SwagLabs account
14:45:28.613 [pool-1-thread-1] DEBUG net.thucydides.core.reports.json.JSONTestOutcomeReporter - Generating JSON report for The user successfully logs into its SwagLabs account to file C:\Users\a.mayorga.cortes\Documents\work-space\pruebas\swaglabs-automation\swaglabs-automation\target\site\serenity\fecc759acf225bf091256e056df9008eecec7e987cc44fae8fe01f00c5fa1d61.json (using temp file C:\Users\a.mayorga.cortes\Documents\work-space\pruebas\swaglabs-automation\swaglabs-automation\target\site\serenity\fecc759acf225bf091256e056df9008eecec7e987cc44fae8fe01f00c5fa1d61.json7761351b-d695-4463-9ab9-6b31c661946b)
14:45:28.696 [pool-1-thread-1] DEBUG net.thucydides.core.reports.ReportService - Processing test outcome Log into the SwagLabs account:The user successfully logs into its SwagLabs account done
14:45:28.697 [Test worker] DEBUG net.thucydides.core.reports.ReportService - Shutting down executor service
14:45:28.697 [Test worker] DEBUG net.thucydides.core.reports.ReportService - Reports generated in: 94 ms
14:45:28.697 [Test worker] DEBUG net.thucydides.core.reports.ReportService - Generating reports for 1 test outcomes using: net.thucydides.core.reports.html.HtmlAcceptanceTestReporter@32bd8284
14:45:28.698 [pool-2-thread-1] DEBUG net.thucydides.core.reports.ReportService - Processing test outcome Log into the SwagLabs account:The user successfully logs into its SwagLabs account
14:45:28.698 [pool-2-thread-1] DEBUG net.thucydides.core.reports.ReportService - net.thucydides.core.reports.html.HtmlAcceptanceTestReporter@32bd8284: Generating report for test outcome: Log into the SwagLabs account:The user successfully logs into its SwagLabs account
14:45:28.699 [pool-2-thread-1] DEBUG net.thucydides.core.reports.html.HtmlAcceptanceTestReporter - GENERATE TEST OUTCOME REPORT FOR The user successfully logs into its SwagLabs account in fecc759acf225bf091256e056df9008eecec7e987cc44fae8fe01f00c5fa1d61
14:45:28.742 [pool-2-thread-1] DEBUG net.thucydides.core.requirements.RequirementsTagProvider -  found:[Requirement{name='Logintotheaccount', type='capability' parent = 'null', cardNumber='null'}]
14:45:28.751 [pool-2-thread-1] DEBUG net.thucydides.core.requirements.BaseRequirementsService - Requirement found for test outcome The user successfully logs into its SwagLabs account-[]: Optional[Requirement{name='Log into the SwagLabs account', type='feature' parent = 'Logintotheaccount', cardNumber='null'}]
14:45:28.754 [pool-2-thread-1] DEBUG net.thucydides.core.requirements.BaseRequirementsService - Requirement found for test outcome The user successfully logs into its SwagLabs account-[]: Optional[Requirement{name='Log into the SwagLabs account', type='feature' parent = 'Logintotheaccount', cardNumber='null'}]
14:45:28.857 [pool-2-thread-1] DEBUG net.thucydides.core.requirements.BaseRequirementsService - Requirement found for test outcome The user successfully logs into its SwagLabs account-[]: Optional[Requirement{name='Log into the SwagLabs account', type='feature' parent = 'Logintotheaccount', cardNumber='null'}]
14:45:28.857 [pool-2-thread-1] DEBUG net.thucydides.core.requirements.BaseRequirementsService - Requirement found for test outcome The user successfully logs into its SwagLabs account-[]: Optional[Requirement{name='Log into the SwagLabs account', type='feature' parent = 'Logintotheaccount', cardNumber='null'}]
14:45:28.860 [pool-2-thread-1] DEBUG net.thucydides.core.reports.html.HtmlAcceptanceTestReporter - Generating report in fecc759acf225bf091256e056df9008eecec7e987cc44fae8fe01f00c5fa1d61_screenshots.html
14:45:29.543 [pool-2-thread-1] DEBUG net.thucydides.core.reports.html.HtmlAcceptanceTestReporter - Generated report fecc759acf225bf091256e056df9008eecec7e987cc44fae8fe01f00c5fa1d61_screenshots.html in 683 ms
14:45:29.545 [pool-2-thread-1] DEBUG net.thucydides.core.reports.html.HtmlAcceptanceTestReporter - GENERATING HTML REPORT FOR Log into the SwagLabs account:The user successfully logs into its SwagLabs account in fecc759acf225bf091256e056df9008eecec7e987cc44fae8fe01f00c5fa1d61.html in directory C:\Users\a.mayorga.cortes\Documents\work-space\pruebas\swaglabs-automation\swaglabs-automation\target\site\serenity  
14:45:29.547 [pool-2-thread-1] DEBUG net.thucydides.core.reports.html.HtmlAcceptanceTestReporter - Generating report in fecc759acf225bf091256e056df9008eecec7e987cc44fae8fe01f00c5fa1d61.html
14:45:31.418 [pool-2-thread-1] DEBUG net.thucydides.core.reports.html.HtmlAcceptanceTestReporter - Generated report fecc759acf225bf091256e056df9008eecec7e987cc44fae8fe01f00c5fa1d61.html in 1871 ms
14:45:31.419 [pool-2-thread-1] DEBUG net.thucydides.core.reports.ReportService - Processing test outcome Log into the SwagLabs account:The user successfully logs into its SwagLabs account done
14:45:31.419 [Test worker] DEBUG net.thucydides.core.reports.ReportService - Shutting down executor service
14:45:31.419 [Test worker] DEBUG net.thucydides.core.reports.ReportService - Reports generated in: 2722 ms
14:45:31.704 [Test worker] DEBUG net.serenitybdd.core.photography.Darkroom - Closing darkroom
14:45:31.704 [Darkroom Processing Line] DEBUG net.serenitybdd.core.photography.DarkroomProcessingLine - Darkroom processing line shutting down
]]></system-out>
  <system-err><![CDATA[Oct 09, 2022 2:44:49 PM cucumber.runtime.java.ObjectFactoryLoader loadSingleObjectFactory
WARNING: Loading deprecated ObjectFactory from runtime via reflection: cucumber.runtime.SerenityObjectFactory
]]></system-err>
</testsuite>
